RUNNING
./bats /home/pmavrodiev/Documents/bats/data/Blutsee2007/BS_2008_sortiert-von-Daniela/ /tmp/file64nwPd
RUNNING
./bats /home/pmavrodiev/Documents/bats/data/Blutsee2007/BS_2008_sortiert-von-Daniela/ /tmp/fileJ8vr5R
RUNNING
./bats /home/pmavrodiev/Documents/bats/data/Blutsee2007/BS_2008_sortiert-von-Daniela/ /tmp/fileCqgoBH
RUNNING
./bats /home/pmavrodiev/Documents/bats/data/Blutsee2007/BS_2008_sortiert-von-Daniela/ /tmp/fileX79lCI
RUNNING
./bats /home/pmavrodiev/Documents/bats/data/Blutsee2007/BS_2008_sortiert-von-Daniela/ /tmp/filePHNMXU
RUNNING
./bats /home/pmavrodiev/Documents/bats/data/Blutsee2007/BS_2008_sortiert-von-Daniela/ /tmp/fileJMYgBi
RUNNING
./bats /home/pmavrodiev/Documents/bats/data/Blutsee2007/BS_2008_sortiert-von-Daniela/ /tmp/fileedMzQR
RUNNING
./bats /home/pmavrodiev/Documents/bats/data/Blutsee2007/BS_2008_sortiert-von-Daniela/ /tmp/fileoe5vtD
RUNNING
./bats /home/pmavrodiev/Documents/bats/data/Blutsee2007/BS_2008_sortiert-von-Daniela/ /tmp/fileVaicmB
RUNNING
./bats /home/pmavrodiev/Documents/bats/data/Blutsee2007/BS_2008_sortiert-von-Daniela/ /tmp/filecR0UvL
RUNNING
./bats /home/pmavrodiev/Documents/bats/data/Blutsee2007/BS_2008_sortiert-von-Daniela/ /tmp/fileUvFQK7
RUNNING
./bats /home/pmavrodiev/Documents/bats/data/Blutsee2007/BS_2008_sortiert-von-Daniela/ /tmp/fileCwcPSF
RUNNING
./bats /home/pmavrodiev/Documents/bats/data/Blutsee2007/BS_2008_sortiert-von-Daniela/ /tmp/filescrVOp
RUNNING
./bats /home/pmavrodiev/Documents/bats/data/Blutsee2007/BS_2008_sortiert-von-Daniela/ /tmp/fileNWIK9k
RUNNING
./bats /home/pmavrodiev/Documents/bats/data/Blutsee2007/BS_2008_sortiert-von-Daniela/ /tmp/fileGXuQts
RUNNING
./bats /home/pmavrodiev/Documents/bats/data/Blutsee2007/BS_2008_sortiert-von-Daniela/ /tmp/filenMgwHL
RUNNING
./bats /home/pmavrodiev/Documents/bats/data/Blutsee2007/BS_2008_sortiert-von-Daniela/ /tmp/filehSHbnh
RUNNING
./bats /home/pmavrodiev/Documents/bats/data/Blutsee2007/BS_2008_sortiert-von-Daniela/ /tmp/filenQHZKZ
RUNNING
./bats /home/pmavrodiev/Documents/bats/data/Blutsee2007/BS_2008_sortiert-von-Daniela/ /tmp/file3uhV1U
RUNNING
./bats /home/pmavrodiev/Documents/bats/data/Blutsee2007/BS_2008_sortiert-von-Daniela/ /tmp/fileyk9vh4
RUNNING
./bats /home/pmavrodiev/Documents/bats/data/Blutsee2007/BS_2008_sortiert-von-Daniela/ /tmp/fileFbBk9q
RUNNING
./bats /home/pmavrodiev/Documents/bats/data/Blutsee2007/BS_2008_sortiert-von-Daniela/ /tmp/filemuMAKZ
RUNNING
./bats /home/pmavrodiev/Documents/bats/data/Blutsee2007/BS_2008_sortiert-von-Daniela/ /tmp/fileSnGJQJ
RUNNING
./bats /home/pmavrodiev/Documents/bats/data/Blutsee2007/BS_2008_sortiert-von-Daniela/ /tmp/file1sGLWF
RUNNING
./bats /home/pmavrodiev/Documents/bats/data/Blutsee2007/BS_2008_sortiert-von-Daniela/ /tmp/fileCdlAPN
RUNNING
./bats /home/pmavrodiev/Documents/bats/data/Blutsee2007/BS_2008_sortiert-von-Daniela/ /tmp/filekCVH27
RUNNING
./bats /home/pmavrodiev/Documents/bats/data/Blutsee2007/BS_2008_sortiert-von-Daniela/ /tmp/fileZGZKuF
RUNNING
./bats /home/pmavrodiev/Documents/bats/data/Blutsee2007/BS_2008_sortiert-von-Daniela/ /tmp/filesZYjYp
RUNNING
./bats /home/pmavrodiev/Documents/bats/data/Blutsee2007/BS_2008_sortiert-von-Daniela/ /tmp/fileg7oMmn
RUNNING
./bats /home/pmavrodiev/Documents/bats/data/Blutsee2007/BS_2008_sortiert-von-Daniela/ /tmp/fileLmraSy
RUNNING
./bats /home/pmavrodiev/Documents/bats/data/Blutsee2007/BS_2008_sortiert-von-Daniela/ /tmp/fileOkgecY
RUNNING
./bats /home/pmavrodiev/Documents/bats/data/Blutsee2007/BS_2008_sortiert-von-Daniela/ /tmp/file3RRQ4y
RUNNING
./bats /home/pmavrodiev/Documents/bats/data/Blutsee2007/BS_2008_sortiert-von-Daniela/ /tmp/fileY2QFml
RUNNING
./bats /home/pmavrodiev/Documents/bats/data/Blutsee2007/BS_2008_sortiert-von-Daniela/ /tmp/fileWytRol
RUNNING
./bats /home/pmavrodiev/Documents/bats/data/Blutsee2007/BS_2008_sortiert-von-Daniela/ /tmp/fileelZzEx
RUNNING
./bats /home/pmavrodiev/Documents/bats/data/Blutsee2007/BS_2008_sortiert-von-Daniela/ /tmp/filemyN3tV
RUNNING
./bats /home/pmavrodiev/Documents/bats/data/Blutsee2007/BS_2008_sortiert-von-Daniela/ /tmp/file1ewuUu
RUNNING
./bats /home/pmavrodiev/Documents/bats/data/Blutsee2007/BS_2008_sortiert-von-Daniela/ /tmp/fileamDOeg
RUNNING
./bats /home/pmavrodiev/Documents/bats/data/Blutsee2007/BS_2008_sortiert-von-Daniela/ /tmp/filebumIHd
RUNNING
./bats /home/pmavrodiev/Documents/bats/data/Blutsee2007/BS_2008_sortiert-von-Daniela/ /tmp/fileowrSGn
RUNNING
./bats /home/pmavrodiev/Documents/bats/data/Blutsee2007/BS_2008_sortiert-von-Daniela/ /tmp/file1W22TK
RUNNING
./bats /home/pmavrodiev/Documents/bats/data/Blutsee2007/BS_2008_sortiert-von-Daniela/ /tmp/fileMzg6Vi
RUNNING
./bats /home/pmavrodiev/Documents/bats/data/Blutsee2007/BS_2008_sortiert-von-Daniela/ /tmp/filerFcZO1
RUNNING
./bats /home/pmavrodiev/Documents/bats/data/Blutsee2007/BS_2008_sortiert-von-Daniela/ /tmp/filencPwKV
RUNNING
./bats /home/pmavrodiev/Documents/bats/data/Blutsee2007/BS_2008_sortiert-von-Daniela/ /tmp/fileNbpbU0
RUNNING
./bats /home/pmavrodiev/Documents/bats/data/Blutsee2007/BS_2008_sortiert-von-Daniela/ /tmp/fileHid8zh
RUNNING
./bats /home/pmavrodiev/Documents/bats/data/Blutsee2007/BS_2008_sortiert-von-Daniela/ /tmp/fileaFxiUJ
RUNNING
./bats /home/pmavrodiev/Documents/bats/data/Blutsee2007/BS_2008_sortiert-von-Daniela/ /tmp/fileeGNxbo
RUNNING
./bats /home/pmavrodiev/Documents/bats/data/Blutsee2007/BS_2008_sortiert-von-Daniela/ /tmp/file5aUNEe
RUNNING
./bats /home/pmavrodiev/Documents/bats/data/Blutsee2007/BS_2008_sortiert-von-Daniela/ /tmp/filelmvTyh
RUNNING
./bats /home/pmavrodiev/Documents/bats/data/Blutsee2007/BS_2008_sortiert-von-Daniela/ /tmp/fileDPHzLw
RUNNING
./bats /home/pmavrodiev/Documents/bats/data/Blutsee2007/BS_2008_sortiert-von-Daniela/ /tmp/fileXSjqg1
RUNNING
./bats /home/pmavrodiev/Documents/bats/data/Blutsee2007/BS_2008_sortiert-von-Daniela/ /tmp/fileuJEmXK
RUNNING
./bats /home/pmavrodiev/Documents/bats/data/Blutsee2007/BS_2008_sortiert-von-Daniela/ /tmp/fileDgR3RJ
RUNNING
./bats /home/pmavrodiev/Documents/bats/data/Blutsee2007/BS_2008_sortiert-von-Daniela/ /tmp/filegupB9X
RUNNING
./bats /home/pmavrodiev/Documents/bats/data/Blutsee2007/BS_2008_sortiert-von-Daniela/ /tmp/filezisTQr
RUNNING
./bats /home/pmavrodiev/Documents/bats/data/Blutsee2007/BS_2008_sortiert-von-Daniela/ /tmp/fileYQaO7a
RUNNING
./bats /home/pmavrodiev/Documents/bats/data/Blutsee2007/BS_2008_sortiert-von-Daniela/ /tmp/filekiLF59
RUNNING
./bats /home/pmavrodiev/Documents/bats/data/Blutsee2007/BS_2008_sortiert-von-Daniela/ /tmp/fileeENJcq
RUNNING
./bats /home/pmavrodiev/Documents/bats/data/Blutsee2007/BS_2008_sortiert-von-Daniela/ /tmp/file7uDbvX
RUNNING
./bats /home/pmavrodiev/Documents/bats/data/Blutsee2007/BS_2008_sortiert-von-Daniela/ /tmp/filezbP5ML
RUNNING
./bats /home/pmavrodiev/Documents/bats/data/Blutsee2007/BS_2008_sortiert-von-Daniela/ /tmp/fileImolTP
RUNNING
./bats /home/pmavrodiev/Documents/bats/data/Blutsee2007/BS_2008_sortiert-von-Daniela/ /tmp/filepIKdca
RUNNING
./bats /home/pmavrodiev/Documents/bats/data/Blutsee2007/BS_2008_sortiert-von-Daniela/ /tmp/fileNHOk1K
RUNNING
./bats /home/pmavrodiev/Documents/bats/data/Blutsee2007/BS_2008_sortiert-von-Daniela/ /tmp/fileIoe5lD
RUNNING
./bats /home/pmavrodiev/Documents/bats/data/Blutsee2007/BS_2008_sortiert-von-Daniela/ /tmp/fileSJwGSM
RUNNING
./bats /home/pmavrodiev/Documents/bats/data/Blutsee2007/BS_2008_sortiert-von-Daniela/ /tmp/fileK6feDf
RUNNING
./bats /home/pmavrodiev/Documents/bats/data/Blutsee2007/BS_2008_sortiert-von-Daniela/ /tmp/filehGUKe1
RUNNING
./bats /home/pmavrodiev/Documents/bats/data/Blutsee2007/BS_2008_sortiert-von-Daniela/ /tmp/fileLRRmF5
RUNNING
./bats /home/pmavrodiev/Documents/bats/data/Blutsee2007/BS_2008_sortiert-von-Daniela/ /tmp/fileM94x7s
RUNNING
./bats /home/pmavrodiev/Documents/bats/data/Blutsee2007/BS_2008_sortiert-von-Daniela/ /tmp/filegjdlk9
RUNNING
./bats /home/pmavrodiev/Documents/bats/data/Blutsee2007/BS_2008_sortiert-von-Daniela/ /tmp/fileqw3OV5
RUNNING
./bats /home/pmavrodiev/Documents/bats/data/Blutsee2007/BS_2008_sortiert-von-Daniela/ /tmp/filed8y9vj
RUNNING
./bats /home/pmavrodiev/Documents/bats/data/Blutsee2007/BS_2008_sortiert-von-Daniela/ /tmp/filel7C4JO
RUNNING
./bats /home/pmavrodiev/Documents/bats/data/Blutsee2007/BS_2008_sortiert-von-Daniela/ /tmp/filevWjc4A
RUNNING
./bats /home/pmavrodiev/Documents/bats/data/Blutsee2007/BS_2008_sortiert-von-Daniela/ /tmp/fileUeeEoF
RUNNING
./bats /home/pmavrodiev/Documents/bats/data/Blutsee2007/BS_2008_sortiert-von-Daniela/ /tmp/fileJQUwe2
RUNNING
./bats /home/pmavrodiev/Documents/bats/data/Blutsee2007/BS_2008_sortiert-von-Daniela/ /tmp/file3Hey0G
RUNNING
./bats /home/pmavrodiev/Documents/bats/data/Blutsee2007/BS_2008_sortiert-von-Daniela/ /tmp/filekPRQiE
RUNNING
./bats /home/pmavrodiev/Documents/bats/data/Blutsee2007/BS_2008_sortiert-von-Daniela/ /tmp/filehclrkU
RUNNING
./bats /home/pmavrodiev/Documents/bats/data/Blutsee2007/BS_2008_sortiert-von-Daniela/ /tmp/filePNjBzu
RUNNING
./bats /home/pmavrodiev/Documents/bats/data/Blutsee2007/BS_2008_sortiert-von-Daniela/ /tmp/filehcWZ6l
RUNNING
./bats /home/pmavrodiev/Documents/bats/data/Blutsee2007/BS_2008_sortiert-von-Daniela/ /tmp/filep3hnKu
RUNNING
./bats /home/pmavrodiev/Documents/bats/data/Blutsee2007/BS_2008_sortiert-von-Daniela/ /tmp/fileUnye5T
RUNNING
./bats /home/pmavrodiev/Documents/bats/data/Blutsee2007/BS_2008_sortiert-von-Daniela/ /tmp/fileUJXeGA
RUNNING
./bats /home/pmavrodiev/Documents/bats/data/Blutsee2007/BS_2008_sortiert-von-Daniela/ /tmp/filej5d3jz
RUNNING
./bats /home/pmavrodiev/Documents/bats/data/Blutsee2007/BS_2008_sortiert-von-Daniela/ /tmp/fileSqFDWP
RUNNING
./bats /home/pmavrodiev/Documents/bats/data/Blutsee2007/BS_2008_sortiert-von-Daniela/ /tmp/filebxCpio
RUNNING
./bats /home/pmavrodiev/Documents/bats/data/Blutsee2007/BS_2008_sortiert-von-Daniela/ /tmp/fileAAHu8e
RUNNING
./bats /home/pmavrodiev/Documents/bats/data/Blutsee2007/BS_2008_sortiert-von-Daniela/ /tmp/fileMDqa0o
RUNNING
./bats /home/pmavrodiev/Documents/bats/data/Blutsee2007/BS_2008_sortiert-von-Daniela/ /tmp/file8th9gS
RUNNING
./bats /home/pmavrodiev/Documents/bats/data/Blutsee2007/BS_2008_sortiert-von-Daniela/ /tmp/fileJ0Y5BC
RUNNING
./bats /home/pmavrodiev/Documents/bats/data/Blutsee2007/BS_2008_sortiert-von-Daniela/ /tmp/fileTg8a9D
RUNNING
./bats /home/pmavrodiev/Documents/bats/data/Blutsee2007/BS_2008_sortiert-von-Daniela/ /tmp/filex77qhX
RUNNING
./bats /home/pmavrodiev/Documents/bats/data/Blutsee2007/BS_2008_sortiert-von-Daniela/ /tmp/fileHGjlhy
RUNNING
./bats /home/pmavrodiev/Documents/bats/data/Blutsee2007/BS_2008_sortiert-von-Daniela/ /tmp/filed2QTHq
RUNNING
./bats /home/pmavrodiev/Documents/bats/data/Blutsee2007/BS_2008_sortiert-von-Daniela/ /tmp/file0MDcKA
RUNNING
./bats /home/pmavrodiev/Documents/bats/data/Blutsee2007/BS_2008_sortiert-von-Daniela/ /tmp/fileqk5Lw2
RUNNING
./bats /home/pmavrodiev/Documents/bats/data/Blutsee2007/BS_2008_sortiert-von-Daniela/ /tmp/file1OiXOM
RUNNING
./bats /home/pmavrodiev/Documents/bats/data/Blutsee2007/BS_2008_sortiert-von-Daniela/ /tmp/file9wnT1P
RUNNING
./bats /home/pmavrodiev/Documents/bats/data/Blutsee2007/BS_2008_sortiert-von-Daniela/ /tmp/fileU6f1mc
RUNNING
./bats /home/pmavrodiev/Documents/bats/data/Blutsee2007/BS_2008_sortiert-von-Daniela/ /tmp/fileIGimA1
RUNNING
./bats /home/pmavrodiev/Documents/bats/data/Blutsee2007/BS_2008_sortiert-von-Daniela/ /tmp/fileWPXvzi
RUNNING
./bats /home/pmavrodiev/Documents/bats/data/Blutsee2007/BS_2008_sortiert-von-Daniela/ /tmp/fileNykZW0
RUNNING
./bats /home/pmavrodiev/Documents/bats/data/Blutsee2007/BS_2008_sortiert-von-Daniela/ /tmp/fileVNnnhb
RUNNING
./bats /home/pmavrodiev/Documents/bats/data/Blutsee2007/BS_2008_sortiert-von-Daniela/ /tmp/fileoByGlN
RUNNING
./bats /home/pmavrodiev/Documents/bats/data/Blutsee2007/BS_2008_sortiert-von-Daniela/ /tmp/fileRf5boR
RUNNING
./bats /home/pmavrodiev/Documents/bats/data/Blutsee2007/BS_2008_sortiert-von-Daniela/ /tmp/fileh4fydn
RUNNING
./bats /home/pmavrodiev/Documents/bats/data/Blutsee2007/BS_2008_sortiert-von-Daniela/ /tmp/filei5M0jl
RUNNING
./bats /home/pmavrodiev/Documents/bats/data/Blutsee2007/BS_2008_sortiert-von-Daniela/ /tmp/filerSJkOL
RUNNING
./bats /home/pmavrodiev/Documents/bats/data/Blutsee2007/BS_2008_sortiert-von-Daniela/ /tmp/fileJJMR1E
RUNNING
./bats /home/pmavrodiev/Documents/bats/data/Blutsee2007/BS_2008_sortiert-von-Daniela/ /tmp/file0PWTBZ
RUNNING
./bats /home/pmavrodiev/Documents/bats/data/Blutsee2007/BS_2008_sortiert-von-Daniela/ /tmp/file7DJocM
RUNNING
./bats /home/pmavrodiev/Documents/bats/data/Blutsee2007/BS_2008_sortiert-von-Daniela/ /tmp/file8ER7s0
RUNNING
./bats /home/pmavrodiev/Documents/bats/data/Blutsee2007/BS_2008_sortiert-von-Daniela/ /tmp/fileebuGiG
RUNNING
./bats /home/pmavrodiev/Documents/bats/data/Blutsee2007/BS_2008_sortiert-von-Daniela/ /tmp/filetERPlO
RUNNING
./bats /home/pmavrodiev/Documents/bats/data/Blutsee2007/BS_2008_sortiert-von-Daniela/ /tmp/fileijl71p
RUNNING
./bats /home/pmavrodiev/Documents/bats/data/Blutsee2007/BS_2008_sortiert-von-Daniela/ /tmp/filesj3xxv
RUNNING
./bats /home/pmavrodiev/Documents/bats/data/Blutsee2007/BS_2008_sortiert-von-Daniela/ /tmp/file1CauY4
RUNNING
./bats /home/pmavrodiev/Documents/bats/data/Blutsee2007/BS_2008_sortiert-von-Daniela/ /tmp/fileMuWoO8
RUNNING
./bats /home/pmavrodiev/Documents/bats/data/Blutsee2007/BS_2008_sortiert-von-Daniela/ /tmp/filevSm1hJ
RUNNING
./bats /home/pmavrodiev/Documents/bats/data/Blutsee2007/BS_2008_sortiert-von-Daniela/ /tmp/file60a6HL
RUNNING
./bats /home/pmavrodiev/Documents/bats/data/Blutsee2007/BS_2008_sortiert-von-Daniela/ /tmp/fileWf07eg
RUNNING
./bats /home/pmavrodiev/Documents/bats/data/Blutsee2007/BS_2008_sortiert-von-Daniela/ /tmp/fileQAAsYc
RUNNING
./bats /home/pmavrodiev/Documents/bats/data/Blutsee2007/BS_2008_sortiert-von-Daniela/ /tmp/filesCHYJC
RUNNING
./bats /home/pmavrodiev/Documents/bats/data/Blutsee2007/BS_2008_sortiert-von-Daniela/ /tmp/file5sAKnv
RUNNING
./bats /home/pmavrodiev/Documents/bats/data/Blutsee2007/BS_2008_sortiert-von-Daniela/ /tmp/fileM0nObR
RUNNING
./bats /home/pmavrodiev/Documents/bats/data/Blutsee2007/BS_2008_sortiert-von-Daniela/ /tmp/fileuSQFTG
RUNNING
./bats /home/pmavrodiev/Documents/bats/data/Blutsee2007/BS_2008_sortiert-von-Daniela/ /tmp/file32fNM0
RUNNING
./bats /home/pmavrodiev/Documents/bats/data/Blutsee2007/BS_2008_sortiert-von-Daniela/ /tmp/fileNIBiqP
RUNNING
./bats /home/pmavrodiev/Documents/bats/data/Blutsee2007/BS_2008_sortiert-von-Daniela/ /tmp/fileeoRwV8
RUNNING
./bats /home/pmavrodiev/Documents/bats/data/Blutsee2007/BS_2008_sortiert-von-Daniela/ /tmp/fileMKC95U
RUNNING
./bats /home/pmavrodiev/Documents/bats/data/Blutsee2007/BS_2008_sortiert-von-Daniela/ /tmp/fileeCLDR9
RUNNING
./bats /home/pmavrodiev/Documents/bats/data/Blutsee2007/BS_2008_sortiert-von-Daniela/ /tmp/fileEIfoWQ
RUNNING
./bats /home/pmavrodiev/Documents/bats/data/Blutsee2007/BS_2008_sortiert-von-Daniela/ /tmp/fileMH7SK0
RUNNING
./bats /home/pmavrodiev/Documents/bats/data/Blutsee2007/BS_2008_sortiert-von-Daniela/ /tmp/fileGeakRD
RUNNING
./bats /home/pmavrodiev/Documents/bats/data/Blutsee2007/BS_2008_sortiert-von-Daniela/ /tmp/fileKYB8uK
RUNNING
./bats /home/pmavrodiev/Documents/bats/data/Blutsee2007/BS_2008_sortiert-von-Daniela/ /tmp/file2xJKUk
RUNNING
./bats /home/pmavrodiev/Documents/bats/data/Blutsee2007/BS_2008_sortiert-von-Daniela/ /tmp/file3CPojp
RUNNING
./bats /home/pmavrodiev/Documents/bats/data/Blutsee2007/BS_2008_sortiert-von-Daniela/ /tmp/fileNTeWwY
RUNNING
./bats /home/pmavrodiev/Documents/bats/data/Blutsee2007/BS_2008_sortiert-von-Daniela/ /tmp/fileRm0NZ2
RUNNING
./bats /home/pmavrodiev/Documents/bats/data/Blutsee2007/BS_2008_sortiert-von-Daniela/ /tmp/filenZzLlA
RUNNING
./bats /home/pmavrodiev/Documents/bats/data/Blutsee2007/BS_2008_sortiert-von-Daniela/ /tmp/fileHbp87z
RUNNING
./bats /home/pmavrodiev/Documents/bats/data/Blutsee2007/BS_2008_sortiert-von-Daniela/ /tmp/fileS7x8F2
RUNNING
./bats /home/pmavrodiev/Documents/bats/data/Blutsee2007/BS_2008_sortiert-von-Daniela/ /tmp/fileI9o1gZ
RUNNING
./bats /home/pmavrodiev/Documents/bats/data/Blutsee2007/BS_2008_sortiert-von-Daniela/ /tmp/fileIbSw5o
RUNNING
./bats /home/pmavrodiev/Documents/bats/data/Blutsee2007/BS_2008_sortiert-von-Daniela/ /tmp/fileFiVdsi
RUNNING
./bats /home/pmavrodiev/Documents/bats/data/Blutsee2007/BS_2008_sortiert-von-Daniela/ /tmp/fileWkh1bH
RUNNING
./bats /home/pmavrodiev/Documents/bats/data/Blutsee2007/BS_2008_sortiert-von-Daniela/ /tmp/fileK9GHVA
RUNNING
./bats /home/pmavrodiev/Documents/bats/data/Blutsee2007/BS_2008_sortiert-von-Daniela/ /tmp/fileLAIvP0
RUNNING
./bats /home/pmavrodiev/Documents/bats/data/Blutsee2007/BS_2008_sortiert-von-Daniela/ /tmp/filegt3IeW
RUNNING
./bats /home/pmavrodiev/Documents/bats/data/Blutsee2007/BS_2008_sortiert-von-Daniela/ /tmp/file7IPRBO
RUNNING
./bats /home/pmavrodiev/Documents/bats/data/Blutsee2007/BS_2008_sortiert-von-Daniela/ /tmp/fileIDDMIz
RUNNING
./bats /home/pmavrodiev/Documents/bats/data/Blutsee2007/BS_2008_sortiert-von-Daniela/ /tmp/filev6rAZe
RUNNING
./bats /home/pmavrodiev/Documents/bats/data/Blutsee2007/BS_2008_sortiert-von-Daniela/ /tmp/file99D5JM
RUNNING
./bats /home/pmavrodiev/Documents/bats/data/Blutsee2007/BS_2008_sortiert-von-Daniela/ /tmp/filebMA77c
RUNNING
./bats /home/pmavrodiev/Documents/bats/data/Blutsee2007/BS_2008_sortiert-von-Daniela/ /tmp/fileLjbkvw
RUNNING
./bats /home/pmavrodiev/Documents/bats/data/Blutsee2007/BS_2008_sortiert-von-Daniela/ /tmp/fileVdyDhK
RUNNING
./bats /home/pmavrodiev/Documents/bats/data/Blutsee2007/BS_2008_sortiert-von-Daniela/ /tmp/fileoZRdYR
RUNNING
./bats /home/pmavrodiev/Documents/bats/data/Blutsee2007/BS_2008_sortiert-von-Daniela/ /tmp/fileQwmDgU
RUNNING
./bats /home/pmavrodiev/Documents/bats/data/Blutsee2007/BS_2008_sortiert-von-Daniela/ /tmp/fileyZQfUQ
RUNNING
./bats /home/pmavrodiev/Documents/bats/data/Blutsee2007/BS_2008_sortiert-von-Daniela/ /tmp/fileMZCcVF
RUNNING
./bats /home/pmavrodiev/Documents/bats/data/Blutsee2007/BS_2008_sortiert-von-Daniela/ /tmp/fileuRGYkn
RUNNING
./bats /home/pmavrodiev/Documents/bats/data/Blutsee2007/BS_2008_sortiert-von-Daniela/ /tmp/file8wCubX
RUNNING
./bats /home/pmavrodiev/Documents/bats/data/Blutsee2007/BS_2008_sortiert-von-Daniela/ /tmp/fileDlWRPp
RUNNING
./bats /home/pmavrodiev/Documents/bats/data/Blutsee2007/BS_2008_sortiert-von-Daniela/ /tmp/filelxQVSL
RUNNING
./bats /home/pmavrodiev/Documents/bats/data/Blutsee2007/BS_2008_sortiert-von-Daniela/ /tmp/fileXYyNu2
RUNNING
./bats /home/pmavrodiev/Documents/bats/data/Blutsee2007/BS_2008_sortiert-von-Daniela/ /tmp/fileI9bxOd
RUNNING
./bats /home/pmavrodiev/Documents/bats/data/Blutsee2007/BS_2008_sortiert-von-Daniela/ /tmp/file1Gcowj
RUNNING
./bats /home/pmavrodiev/Documents/bats/data/Blutsee2007/BS_2008_sortiert-von-Daniela/ /tmp/fileSmpDAk
RUNNING
./bats /home/pmavrodiev/Documents/bats/data/Blutsee2007/BS_2008_sortiert-von-Daniela/ /tmp/fileicxj5g
RUNNING
./bats /home/pmavrodiev/Documents/bats/data/Blutsee2007/BS_2008_sortiert-von-Daniela/ /tmp/fileBvroA6
RUNNING
./bats /home/pmavrodiev/Documents/bats/data/Blutsee2007/BS_2008_sortiert-von-Daniela/ /tmp/filenXQPZP
RUNNING
./bats /home/pmavrodiev/Documents/bats/data/Blutsee2007/BS_2008_sortiert-von-Daniela/ /tmp/fileDDXdEs
RUNNING
./bats /home/pmavrodiev/Documents/bats/data/Blutsee2007/BS_2008_sortiert-von-Daniela/ /tmp/fileTdw4eZ
RUNNING
./bats /home/pmavrodiev/Documents/bats/data/Blutsee2007/BS_2008_sortiert-von-Daniela/ /tmp/fileN3z82p
RUNNING
./bats /home/pmavrodiev/Documents/bats/data/Blutsee2007/BS_2008_sortiert-von-Daniela/ /tmp/file687fAL
RUNNING
./bats /home/pmavrodiev/Documents/bats/data/Blutsee2007/BS_2008_sortiert-von-Daniela/ /tmp/fileflOUM1
RUNNING
./bats /home/pmavrodiev/Documents/bats/data/Blutsee2007/BS_2008_sortiert-von-Daniela/ /tmp/fileZeLX1c
RUNNING
./bats /home/pmavrodiev/Documents/bats/data/Blutsee2007/BS_2008_sortiert-von-Daniela/ /tmp/fileSKN8Lj
RUNNING
./bats /home/pmavrodiev/Documents/bats/data/Blutsee2007/BS_2008_sortiert-von-Daniela/ /tmp/file6NZdon
RUNNING
./bats /home/pmavrodiev/Documents/bats/data/Blutsee2007/BS_2008_sortiert-von-Daniela/ /tmp/fileEW63tk
RUNNING
./bats /home/pmavrodiev/Documents/bats/data/Blutsee2007/BS_2008_sortiert-von-Daniela/ /tmp/file3aBeUa
RUNNING
./bats /home/pmavrodiev/Documents/bats/data/Blutsee2007/BS_2008_sortiert-von-Daniela/ /tmp/filetQKY8U
RUNNING
./bats /home/pmavrodiev/Documents/bats/data/Blutsee2007/BS_2008_sortiert-von-Daniela/ /tmp/fileFTrAJA
RUNNING
./bats /home/pmavrodiev/Documents/bats/data/Blutsee2007/BS_2008_sortiert-von-Daniela/ /tmp/fileZsoYqb
RUNNING
./bats /home/pmavrodiev/Documents/bats/data/Blutsee2007/BS_2008_sortiert-von-Daniela/ /tmp/file21vaOG
RUNNING
./bats /home/pmavrodiev/Documents/bats/data/Blutsee2007/BS_2008_sortiert-von-Daniela/ /tmp/filex9wlIh
RUNNING
./bats /home/pmavrodiev/Documents/bats/data/Blutsee2007/BS_2008_sortiert-von-Daniela/ /tmp/filebRv90N
RUNNING
./bats /home/pmavrodiev/Documents/bats/data/Blutsee2007/BS_2008_sortiert-von-Daniela/ /tmp/filei2vCog
RUNNING
./bats /home/pmavrodiev/Documents/bats/data/Blutsee2007/BS_2008_sortiert-von-Daniela/ /tmp/fileVVUeME
RUNNING
./bats /home/pmavrodiev/Documents/bats/data/Blutsee2007/BS_2008_sortiert-von-Daniela/ /tmp/fileWxyJCW
RUNNING
./bats /home/pmavrodiev/Documents/bats/data/Blutsee2007/BS_2008_sortiert-von-Daniela/ /tmp/filewNycv8
RUNNING
./bats /home/pmavrodiev/Documents/bats/data/Blutsee2007/BS_2008_sortiert-von-Daniela/ /tmp/filewjqrhe
RUNNING
./bats /home/pmavrodiev/Documents/bats/data/Blutsee2007/BS_2008_sortiert-von-Daniela/ /tmp/fileNxWYFf
RUNNING
./bats /home/pmavrodiev/Documents/bats/data/Blutsee2007/BS_2008_sortiert-von-Daniela/ /tmp/file5ilpTb
RUNNING
./bats /home/pmavrodiev/Documents/bats/data/Blutsee2007/BS_2008_sortiert-von-Daniela/ /tmp/filePJC1y3
RUNNING
./bats /home/pmavrodiev/Documents/bats/data/Blutsee2007/BS_2008_sortiert-von-Daniela/ /tmp/filevMkRXQ
RUNNING
./bats /home/pmavrodiev/Documents/bats/data/Blutsee2007/BS_2008_sortiert-von-Daniela/ /tmp/filefwq3yA
RUNNING
./bats /home/pmavrodiev/Documents/bats/data/Blutsee2007/BS_2008_sortiert-von-Daniela/ /tmp/fileXK7sOi
